<?xml version="1.0" encoding="UTF-8"?>
<testsuite name="org.launchcode.techjobs.oo.TestTaskFive" tests="12" skipped="0" failures="4" errors="0" timestamp="2023-07-18T04:31:49" hostname="monicas-mbp.lan" time="0.403">
  <properties/>
  <testcase name="testTestToStringHandlesEmptyFieldCallsAssertions" classname="org.launchcode.techjobs.oo.TestTaskFive" time="0.133">
    <failure message="Missing 1 invocation to:&#10;org.junit.Assert#assertEquals(any String, any String)" type="mockit.internal.expectations.invocation.MissingInvocation">Missing 1 invocation to:
org.junit.Assert#assertEquals(any String, any String)
	at java.base/java.lang.Thread.run(Thread.java:834)
Caused by: Missing invocations
	at org.launchcode.techjobs.oo.TestTaskFive$6.&lt;init&gt;(TestTaskFive.java:156)
	at org.launchcode.techjobs.oo.TestTaskFive.testTestToStringHandlesEmptyFieldCallsAssertions(TestTaskFive.java:155)
	... 1 more
</failure>
  </testcase>
  <testcase name="testTestToStringStartsAndEndsWithNewLineCallsAssertions" classname="org.launchcode.techjobs.oo.TestTaskFive" time="0.029">
    <failure message="Missing 2 invocations to:&#10;org.junit.Assert#assertEquals(10L, 10L)" type="mockit.internal.expectations.invocation.MissingInvocation">Missing 2 invocations to:
org.junit.Assert#assertEquals(10L, 10L)
	at java.base/java.lang.Thread.run(Thread.java:834)
Caused by: Missing invocations
	at org.launchcode.techjobs.oo.TestTaskFive$2.&lt;init&gt;(TestTaskFive.java:56)
	at org.launchcode.techjobs.oo.TestTaskFive.testTestToStringStartsAndEndsWithNewLineCallsAssertions(TestTaskFive.java:55)
	... 1 more
</failure>
  </testcase>
  <testcase name="testTestToStringStartsAndEndsWithNewLineExists" classname="org.launchcode.techjobs.oo.TestTaskFive" time="0.0"/>
  <testcase name="testTestToStringContainsCorrectLabelsAndDataCallsToString" classname="org.launchcode.techjobs.oo.TestTaskFive" time="0.036"/>
  <testcase name="testTestToStringContainsCorrectLabelsAndDataExists" classname="org.launchcode.techjobs.oo.TestTaskFive" time="0.0"/>
  <testcase name="testToStringHandlesEmptyField" classname="org.launchcode.techjobs.oo.TestTaskFive" time="0.014">
    <failure message="org.junit.ComparisonFailure: expected:&lt;...Developer&#10;Employer: [Data not available&#10;Location: StL&#10;Position Type: Data not available]&#10;Core Competency: Ja...&gt; but was:&lt;...Developer&#10;Employer: [&#10;Location: StL&#10;Position Type: ]&#10;Core Competency: Ja...&gt;" type="org.junit.ComparisonFailure">org.junit.ComparisonFailure: expected:&lt;...Developer
Employer: [Data not available
Location: StL
Position Type: Data not available]
Core Competency: Ja...&gt; but was:&lt;...Developer
Employer: [
Location: StL
Position Type: ]
Core Competency: Ja...&gt;
	at org.launchcode.techjobs.oo.TestTaskFive.testToStringHandlesEmptyField(TestTaskFive.java:166)
	at java.base/java.lang.Thread.run(Thread.java:834)
</failure>
  </testcase>
  <testcase name="testTestToStringContainsCorrectLabelsAndDataCallsAssertions" classname="org.launchcode.techjobs.oo.TestTaskFive" time="0.026">
    <failure message="Missing 1 invocation to:&#10;org.junit.Assert#assertEquals(any String, any String)" type="mockit.internal.expectations.invocation.MissingInvocation">Missing 1 invocation to:
org.junit.Assert#assertEquals(any String, any String)
	at java.base/java.lang.Thread.run(Thread.java:834)
Caused by: Missing invocations
	at org.launchcode.techjobs.oo.TestTaskFive$4.&lt;init&gt;(TestTaskFive.java:107)
	at org.launchcode.techjobs.oo.TestTaskFive.testTestToStringContainsCorrectLabelsAndDataCallsAssertions(TestTaskFive.java:106)
	... 1 more
</failure>
  </testcase>
  <testcase name="testTestToStringStartsAndEndsWithNewLineCallsToString" classname="org.launchcode.techjobs.oo.TestTaskFive" time="0.019"/>
  <testcase name="testToStringContainsCorrectLabelsAndData" classname="org.launchcode.techjobs.oo.TestTaskFive" time="0.002"/>
  <testcase name="testToStringStartsAndEndsWithNewLine" classname="org.launchcode.techjobs.oo.TestTaskFive" time="0.0"/>
  <testcase name="testTestToStringHandlesEmptyFieldCallsToString" classname="org.launchcode.techjobs.oo.TestTaskFive" time="0.139"/>
  <testcase name="testTestToStringHandlesEmptyFieldExists" classname="org.launchcode.techjobs.oo.TestTaskFive" time="0.001"/>
  <system-out><![CDATA[]]></system-out>
  <system-err><![CDATA[]]></system-err>
</testsuite>
